{"/Users/natashaamin/Documents/snake/snake_api/src/app.ts": {"path":"/Users/natashaamin/Documents/snake/snake_api/src/app.ts","statementMap":{"0":{"start":{"line":1,"column":0},"end":{"line":1,"column":30}},"1":{"start":{"line":2,"column":0},"end":{"line":2,"column":37}},"2":{"start":{"line":3,"column":0},"end":{"line":3,"column":46}},"3":{"start":{"line":4,"column":0},"end":{"line":4,"column":27}},"4":{"start":{"line":8,"column":13},"end":{"line":8,"column":39}},"5":{"start":{"line":10,"column":0},"end":{"line":10,"column":null}},"6":{"start":{"line":11,"column":0},"end":{"line":11,"column":null}},"7":{"start":{"line":13,"column":0},"end":{"line":13,"column":null}},"8":{"start":{"line":15,"column":0},"end":{"line":15,"column":21}},"9":{"start":{"line":17,"column":0},"end":{"line":17,"column":null}}},"fnMap":{},"branchMap":{},"s":{"0":2,"1":2,"2":2,"3":2,"4":2,"5":2,"6":2,"7":2,"8":2,"9":2},"f":{},"b":{}}
,"/Users/natashaamin/Documents/snake/snake_api/src/server.ts": {"path":"/Users/natashaamin/Documents/snake/snake_api/src/server.ts","statementMap":{"0":{"start":{"line":1,"column":0},"end":{"line":1,"column":30}},"1":{"start":{"line":3,"column":12},"end":{"line":3,"column":21}},"2":{"start":{"line":5,"column":13},"end":{"line":5,"column":37}},"3":{"start":{"line":7,"column":0},"end":{"line":9,"column":null}},"4":{"start":{"line":8,"column":2},"end":{"line":8,"column":null}},"5":{"start":{"line":11,"column":0},"end":{"line":11,"column":19}}},"fnMap":{"0":{"name":"(anonymous_1)","decl":{"start":{"line":7,"column":17},"end":{"line":7,"column":20}},"loc":{"start":{"line":7,"column":22},"end":{"line":9,"column":1}}}},"branchMap":{"0":{"loc":{"start":{"line":5,"column":13},"end":{"line":5,"column":37}},"type":"binary-expr","locations":[{"start":{"line":5,"column":13},"end":{"line":5,"column":29}},{"start":{"line":5,"column":33},"end":{"line":5,"column":37}}]}},"s":{"0":2,"1":2,"2":2,"3":2,"4":0,"5":2},"f":{"0":0},"b":{"0":[2,2]}}
,"/Users/natashaamin/Documents/snake/snake_api/src/controllers/controller.ts": {"path":"/Users/natashaamin/Documents/snake/snake_api/src/controllers/controller.ts","statementMap":{"0":{"start":{"line":2,"column":0},"end":{"line":2,"column":36}},"1":{"start":{"line":3,"column":0},"end":{"line":3,"column":null}},"2":{"start":{"line":10,"column":23},"end":{"line":29,"column":1}},"3":{"start":{"line":11,"column":16},"end":{"line":11,"column":51}},"4":{"start":{"line":12,"column":17},"end":{"line":12,"column":52}},"5":{"start":{"line":14,"column":2},"end":{"line":17,"column":null}},"6":{"start":{"line":15,"column":4},"end":{"line":15,"column":53}},"7":{"start":{"line":16,"column":4},"end":{"line":16,"column":11}},"8":{"start":{"line":19,"column":27},"end":{"line":26,"column":4}},"9":{"start":{"line":28,"column":2},"end":{"line":28,"column":34}},"10":{"start":{"line":10,"column":13},"end":{"line":10,"column":23}},"11":{"start":{"line":31,"column":28},"end":{"line":98,"column":1}},"12":{"start":{"line":32,"column":2},"end":{"line":32,"column":null}},"13":{"start":{"line":33,"column":27},"end":{"line":33,"column":35}},"14":{"start":{"line":36,"column":23},"end":{"line":36,"column":46}},"15":{"start":{"line":37,"column":2},"end":{"line":39,"column":null}},"16":{"start":{"line":38,"column":4},"end":{"line":38,"column":55}},"17":{"start":{"line":42,"column":25},"end":{"line":42,"column":30}},"18":{"start":{"line":43,"column":25},"end":{"line":43,"column":30}},"19":{"start":{"line":44,"column":18},"end":{"line":44,"column":19}},"20":{"start":{"line":45,"column":18},"end":{"line":45,"column":19}},"21":{"start":{"line":47,"column":2},"end":{"line":50,"column":null}},"22":{"start":{"line":48,"column":4},"end":{"line":48,"column":27}},"23":{"start":{"line":49,"column":4},"end":{"line":49,"column":27}},"24":{"start":{"line":53,"column":20},"end":{"line":53,"column":45}},"25":{"start":{"line":54,"column":20},"end":{"line":54,"column":45}},"26":{"start":{"line":57,"column":2},"end":{"line":65,"column":null}},"27":{"start":{"line":63,"column":4},"end":{"line":63,"column":73}},"28":{"start":{"line":64,"column":4},"end":{"line":64,"column":11}},"29":{"start":{"line":67,"column":2},"end":{"line":71,"column":null}},"30":{"start":{"line":68,"column":4},"end":{"line":68,"column":19}},"31":{"start":{"line":69,"column":4},"end":{"line":69,"column":34}},"32":{"start":{"line":70,"column":4},"end":{"line":70,"column":34}},"33":{"start":{"line":73,"column":2},"end":{"line":96,"column":null}},"34":{"start":{"line":74,"column":4},"end":{"line":74,"column":22}},"35":{"start":{"line":75,"column":4},"end":{"line":78,"column":6}},"36":{"start":{"line":81,"column":4},"end":{"line":88,"column":6}},"37":{"start":{"line":90,"column":4},"end":{"line":94,"column":6}},"38":{"start":{"line":95,"column":4},"end":{"line":95,"column":11}},"39":{"start":{"line":97,"column":2},"end":{"line":97,"column":34}},"40":{"start":{"line":31,"column":13},"end":{"line":31,"column":28}},"41":{"start":{"line":100,"column":29},"end":{"line":136,"column":1}},"42":{"start":{"line":101,"column":27},"end":{"line":101,"column":36}},"43":{"start":{"line":103,"column":2},"end":{"line":105,"column":null}},"44":{"start":{"line":104,"column":4},"end":{"line":104,"column":34}},"45":{"start":{"line":107,"column":2},"end":{"line":117,"column":null}},"46":{"start":{"line":108,"column":4},"end":{"line":108,"column":43}},"47":{"start":{"line":109,"column":9},"end":{"line":117,"column":null}},"48":{"start":{"line":116,"column":4},"end":{"line":116,"column":44}},"49":{"start":{"line":119,"column":2},"end":{"line":127,"column":null}},"50":{"start":{"line":126,"column":4},"end":{"line":126,"column":50}},"51":{"start":{"line":129,"column":2},"end":{"line":131,"column":null}},"52":{"start":{"line":130,"column":4},"end":{"line":130,"column":45}},"53":{"start":{"line":133,"column":2},"end":{"line":135,"column":null}},"54":{"start":{"line":134,"column":4},"end":{"line":134,"column":37}},"55":{"start":{"line":100,"column":13},"end":{"line":100,"column":29}}},"fnMap":{"0":{"name":"(anonymous_0)","decl":{"start":{"line":10,"column":23},"end":{"line":10,"column":24}},"loc":{"start":{"line":10,"column":55},"end":{"line":29,"column":1}}},"1":{"name":"(anonymous_1)","decl":{"start":{"line":31,"column":28},"end":{"line":31,"column":29}},"loc":{"start":{"line":31,"column":60},"end":{"line":98,"column":1}}},"2":{"name":"(anonymous_2)","decl":{"start":{"line":100,"column":29},"end":{"line":100,"column":30}},"loc":{"start":{"line":100,"column":53},"end":{"line":136,"column":1}}}},"branchMap":{"0":{"loc":{"start":{"line":14,"column":2},"end":{"line":17,"column":null}},"type":"if","locations":[{"start":{"line":14,"column":2},"end":{"line":17,"column":null}}]},"1":{"loc":{"start":{"line":14,"column":6},"end":{"line":14,"column":64}},"type":"binary-expr","locations":[{"start":{"line":14,"column":6},"end":{"line":14,"column":18}},{"start":{"line":14,"column":22},"end":{"line":14,"column":35}},{"start":{"line":14,"column":39},"end":{"line":14,"column":49}},{"start":{"line":14,"column":53},"end":{"line":14,"column":64}}]},"2":{"loc":{"start":{"line":37,"column":2},"end":{"line":39,"column":null}},"type":"if","locations":[{"start":{"line":37,"column":2},"end":{"line":39,"column":null}}]},"3":{"loc":{"start":{"line":57,"column":2},"end":{"line":65,"column":null}},"type":"if","locations":[{"start":{"line":57,"column":2},"end":{"line":65,"column":null}}]},"4":{"loc":{"start":{"line":58,"column":4},"end":{"line":61,"column":29}},"type":"binary-expr","locations":[{"start":{"line":58,"column":4},"end":{"line":58,"column":17}},{"start":{"line":59,"column":4},"end":{"line":59,"column":28}},{"start":{"line":60,"column":4},"end":{"line":60,"column":17}},{"start":{"line":61,"column":4},"end":{"line":61,"column":29}}]},"5":{"loc":{"start":{"line":67,"column":2},"end":{"line":71,"column":null}},"type":"if","locations":[{"start":{"line":67,"column":2},"end":{"line":71,"column":null}}]},"6":{"loc":{"start":{"line":67,"column":6},"end":{"line":67,"column":64}},"type":"binary-expr","locations":[{"start":{"line":67,"column":6},"end":{"line":67,"column":33}},{"start":{"line":67,"column":37},"end":{"line":67,"column":64}}]},"7":{"loc":{"start":{"line":73,"column":2},"end":{"line":96,"column":null}},"type":"if","locations":[{"start":{"line":73,"column":2},"end":{"line":96,"column":null}},{"start":{"line":89,"column":9},"end":{"line":96,"column":null}}]},"8":{"loc":{"start":{"line":103,"column":2},"end":{"line":105,"column":null}},"type":"if","locations":[{"start":{"line":103,"column":2},"end":{"line":105,"column":null}}]},"9":{"loc":{"start":{"line":107,"column":2},"end":{"line":117,"column":null}},"type":"if","locations":[{"start":{"line":107,"column":2},"end":{"line":117,"column":null}},{"start":{"line":109,"column":9},"end":{"line":117,"column":null}}]},"10":{"loc":{"start":{"line":107,"column":6},"end":{"line":107,"column":43}},"type":"binary-expr","locations":[{"start":{"line":107,"column":6},"end":{"line":107,"column":22}},{"start":{"line":107,"column":26},"end":{"line":107,"column":43}}]},"11":{"loc":{"start":{"line":109,"column":9},"end":{"line":117,"column":null}},"type":"if","locations":[{"start":{"line":109,"column":9},"end":{"line":117,"column":null}}]},"12":{"loc":{"start":{"line":110,"column":4},"end":{"line":114,"column":70}},"type":"binary-expr","locations":[{"start":{"line":110,"column":4},"end":{"line":110,"column":21}},{"start":{"line":111,"column":4},"end":{"line":111,"column":32}},{"start":{"line":112,"column":4},"end":{"line":112,"column":21}},{"start":{"line":113,"column":4},"end":{"line":113,"column":33}},{"start":{"line":114,"column":5},"end":{"line":114,"column":35}},{"start":{"line":114,"column":39},"end":{"line":114,"column":69}}]},"13":{"loc":{"start":{"line":119,"column":2},"end":{"line":127,"column":null}},"type":"if","locations":[{"start":{"line":119,"column":2},"end":{"line":127,"column":null}}]},"14":{"loc":{"start":{"line":120,"column":4},"end":{"line":124,"column":40}},"type":"binary-expr","locations":[{"start":{"line":120,"column":4},"end":{"line":120,"column":25}},{"start":{"line":121,"column":4},"end":{"line":121,"column":24}},{"start":{"line":122,"column":4},"end":{"line":122,"column":25}},{"start":{"line":123,"column":4},"end":{"line":123,"column":24}},{"start":{"line":124,"column":4},"end":{"line":124,"column":40}}]},"15":{"loc":{"start":{"line":129,"column":2},"end":{"line":131,"column":null}},"type":"if","locations":[{"start":{"line":129,"column":2},"end":{"line":131,"column":null}}]},"16":{"loc":{"start":{"line":133,"column":2},"end":{"line":135,"column":null}},"type":"if","locations":[{"start":{"line":133,"column":2},"end":{"line":135,"column":null}}]}},"s":{"0":2,"1":2,"2":2,"3":2,"4":2,"5":2,"6":1,"7":1,"8":1,"9":1,"10":2,"11":2,"12":4,"13":4,"14":4,"15":4,"16":1,"17":3,"18":3,"19":3,"20":3,"21":3,"22":9,"23":9,"24":3,"25":3,"26":3,"27":1,"28":1,"29":2,"30":1,"31":1,"32":1,"33":2,"34":1,"35":1,"36":1,"37":1,"38":1,"39":1,"40":2,"41":2,"42":4,"43":4,"44":1,"45":3,"46":0,"47":3,"48":0,"49":3,"50":0,"51":3,"52":0,"53":3,"54":0,"55":2},"f":{"0":2,"1":4,"2":4},"b":{"0":[1],"1":[2,2,2,1],"2":[1],"3":[1],"4":[3,3,2,2],"5":[1],"6":[2,1],"7":[1,1],"8":[1],"9":[0,3],"10":[3,3],"11":[0],"12":[3,3,3,3,3,0],"13":[0],"14":[3,3,3,3,3],"15":[0],"16":[0]}}
,"/Users/natashaamin/Documents/snake/snake_api/src/routes/route.ts": {"path":"/Users/natashaamin/Documents/snake/snake_api/src/routes/route.ts","statementMap":{"0":{"start":{"line":1,"column":0},"end":{"line":1,"column":30}},"1":{"start":{"line":2,"column":0},"end":{"line":2,"column":66}},"2":{"start":{"line":3,"column":0},"end":{"line":3,"column":62}},"3":{"start":{"line":5,"column":13},"end":{"line":5,"column":null}},"4":{"start":{"line":7,"column":0},"end":{"line":7,"column":null}},"5":{"start":{"line":8,"column":0},"end":{"line":8,"column":null}}},"fnMap":{},"branchMap":{},"s":{"0":2,"1":2,"2":2,"3":2,"4":2,"5":2},"f":{},"b":{}}
,"/Users/natashaamin/Documents/snake/snake_api/src/services/service.ts": {"path":"/Users/natashaamin/Documents/snake/snake_api/src/services/service.ts","statementMap":{"0":{"start":{"line":4,"column":25},"end":{"line":6,"column":1}},"1":{"start":{"line":5,"column":2},"end":{"line":5,"column":59}},"2":{"start":{"line":4,"column":13},"end":{"line":4,"column":25}},"3":{"start":{"line":8,"column":40},"end":{"line":13,"column":1}},"4":{"start":{"line":12,"column":2},"end":{"line":12,"column":69}},"5":{"start":{"line":8,"column":13},"end":{"line":8,"column":40}},"6":{"start":{"line":15,"column":38},"end":{"line":17,"column":1}},"7":{"start":{"line":16,"column":2},"end":{"line":16,"column":50}},"8":{"start":{"line":15,"column":13},"end":{"line":15,"column":38}},"9":{"start":{"line":19,"column":35},"end":{"line":27,"column":1}},"10":{"start":{"line":24,"column":2},"end":{"line":26,"column":5}},"11":{"start":{"line":19,"column":13},"end":{"line":19,"column":35}},"12":{"start":{"line":29,"column":28},"end":{"line":37,"column":1}},"13":{"start":{"line":35,"column":2},"end":{"line":35,"column":27}},"14":{"start":{"line":36,"column":2},"end":{"line":36,"column":61}},"15":{"start":{"line":29,"column":13},"end":{"line":29,"column":28}}},"fnMap":{"0":{"name":"(anonymous_0)","decl":{"start":{"line":4,"column":25},"end":{"line":4,"column":26}},"loc":{"start":{"line":4,"column":54},"end":{"line":6,"column":1}}},"1":{"name":"(anonymous_1)","decl":{"start":{"line":8,"column":40},"end":{"line":8,"column":null}},"loc":{"start":{"line":11,"column":11},"end":{"line":13,"column":1}}},"2":{"name":"(anonymous_2)","decl":{"start":{"line":15,"column":38},"end":{"line":15,"column":39}},"loc":{"start":{"line":15,"column":90},"end":{"line":17,"column":1}}},"3":{"name":"(anonymous_3)","decl":{"start":{"line":19,"column":35},"end":{"line":19,"column":null}},"loc":{"start":{"line":23,"column":4},"end":{"line":27,"column":1}}},"4":{"name":"(anonymous_4)","decl":{"start":{"line":29,"column":28},"end":{"line":29,"column":null}},"loc":{"start":{"line":34,"column":4},"end":{"line":37,"column":1}}}},"branchMap":{"0":{"loc":{"start":{"line":22,"column":2},"end":{"line":22,"column":14}},"type":"default-arg","locations":[{"start":{"line":22,"column":11},"end":{"line":22,"column":14}}]}},"s":{"0":2,"1":6,"2":2,"3":2,"4":2,"5":2,"6":2,"7":1,"8":2,"9":2,"10":5,"11":2,"12":2,"13":0,"14":0,"15":2},"f":{"0":6,"1":2,"2":1,"3":5,"4":0},"b":{"0":[0]}}
}
