TN:
SF:src/app.ts
FNF:0
FNH:0
DA:1,2
DA:2,2
DA:3,2
DA:4,2
DA:8,2
DA:10,2
DA:11,2
DA:13,2
DA:15,2
DA:17,2
LF:10
LH:10
BRF:0
BRH:0
end_of_record
TN:
SF:src/server.ts
FN:7,(anonymous_1)
FNF:1
FNH:0
FNDA:0,(anonymous_1)
DA:1,2
DA:3,2
DA:5,2
DA:7,2
DA:8,0
DA:11,2
LF:6
LH:5
BRDA:5,0,0,2
BRDA:5,0,1,2
BRF:2
BRH:2
end_of_record
TN:
SF:src/controllers/controller.ts
FN:10,(anonymous_0)
FN:31,(anonymous_1)
FN:100,(anonymous_2)
FNF:3
FNH:3
FNDA:2,(anonymous_0)
FNDA:4,(anonymous_1)
FNDA:4,(anonymous_2)
DA:2,2
DA:3,2
DA:10,2
DA:11,2
DA:12,2
DA:14,2
DA:15,1
DA:16,1
DA:19,1
DA:28,1
DA:31,2
DA:32,4
DA:33,4
DA:36,4
DA:37,4
DA:38,1
DA:42,3
DA:43,3
DA:44,3
DA:45,3
DA:47,3
DA:48,9
DA:49,9
DA:53,3
DA:54,3
DA:57,3
DA:63,1
DA:64,1
DA:67,2
DA:68,1
DA:69,1
DA:70,1
DA:73,2
DA:74,1
DA:75,1
DA:81,1
DA:90,1
DA:95,1
DA:97,1
DA:100,2
DA:101,4
DA:103,4
DA:104,1
DA:107,3
DA:108,0
DA:109,3
DA:116,0
DA:119,3
DA:126,0
DA:129,3
DA:130,0
DA:133,3
DA:134,0
LF:53
LH:48
BRDA:14,0,0,1
BRDA:14,1,0,2
BRDA:14,1,1,2
BRDA:14,1,2,2
BRDA:14,1,3,1
BRDA:37,2,0,1
BRDA:57,3,0,1
BRDA:58,4,0,3
BRDA:58,4,1,3
BRDA:58,4,2,2
BRDA:58,4,3,2
BRDA:67,5,0,1
BRDA:67,6,0,2
BRDA:67,6,1,1
BRDA:73,7,0,1
BRDA:73,7,1,1
BRDA:103,8,0,1
BRDA:107,9,0,0
BRDA:107,9,1,3
BRDA:107,10,0,3
BRDA:107,10,1,3
BRDA:109,11,0,0
BRDA:110,12,0,3
BRDA:110,12,1,3
BRDA:110,12,2,3
BRDA:110,12,3,3
BRDA:110,12,4,3
BRDA:110,12,5,0
BRDA:119,13,0,0
BRDA:120,14,0,3
BRDA:120,14,1,3
BRDA:120,14,2,3
BRDA:120,14,3,3
BRDA:120,14,4,3
BRDA:129,15,0,0
BRDA:133,16,0,0
BRF:36
BRH:30
end_of_record
TN:
SF:src/routes/route.ts
FNF:0
FNH:0
DA:1,2
DA:2,2
DA:3,2
DA:5,2
DA:7,2
DA:8,2
LF:6
LH:6
BRF:0
BRH:0
end_of_record
TN:
SF:src/services/service.ts
FN:4,(anonymous_0)
FN:8,(anonymous_1)
FN:15,(anonymous_2)
FN:19,(anonymous_3)
FN:29,(anonymous_4)
FNF:5
FNH:4
FNDA:6,(anonymous_0)
FNDA:2,(anonymous_1)
FNDA:1,(anonymous_2)
FNDA:5,(anonymous_3)
FNDA:0,(anonymous_4)
DA:4,2
DA:5,6
DA:8,2
DA:12,2
DA:15,2
DA:16,1
DA:19,2
DA:24,5
DA:29,2
DA:35,0
DA:36,0
LF:11
LH:9
BRDA:22,0,0,0
BRF:1
BRH:0
end_of_record
